2013-10-10 15:56:21	1	insert into rdrecords (autoid,id,ifnum,ifquantity,innum,inquantity,inum,iquantity,isoutnum,cbvencode,cdefine26,cdefine27,cinvcode,cposition) values ('190493','51468','0','0','0','0','0','2.0000','0','','2.0000','0','01010707','')
2013-10-10 16:58:09	1	select sums(plan_nums) from personnel_job where store_id=1
2013-10-10 17:45:59	1	select  DATEDIFF(year, birthday,'2013-1-1') AS age,sex,count(id)as nums from personnel_list where id in(select id,personnel_id from personnel_dynamic 
					where store_id='1' 
					and   dynamic=1
					and   begin_time<='2014-1-1' 
					and   personnel_id not in (select personnel_id from personnel_dynamic where dynamic=0 and begin_time<='2013-1-1') 
					group by personnel_id) group by id,birthday,sex
2013-10-11 17:26:58	1	select dynamic,count(*) as nums from personnel_dynamic 
				where store_id ='0201' and  (
				(dynamic<7 and (begin_time >='2012-1-1' and (begin_time <'2013-1-1'))
				or
				(dynamic>6 and end_time >='2012-1-1' and begin_time<='2013-1-1') 
				)group by dynamic having (count(*)>0)
2013-10-11 17:27:01	1	select dynamic,count(*) as nums from personnel_dynamic 
				where store_id ='0201' and  (
				(dynamic<7 and (begin_time >='2012-1-1' and (begin_time <'2013-1-1'))
				or
				(dynamic>6 and end_time >='2012-1-1' and begin_time<='2013-1-1') 
				)group by dynamic having (count(*)>0)
2013-10-11 17:28:19	1	select dynamic,count(*) as nums from personnel_dynamic 
				where store_id ='0201' and  (
				(dynamic<7 and (begin_time >'2012-1-1' and (begin_time <'2013-1-1'))
				or
				(dynamic>6 and end_time >='2012-1-1' and begin_time<='2013-1-1') 
				)group by dynamic having (count(*)>0)
2013-10-11 17:28:29	1	select dynamic,count(*) as nums from personnel_dynamic 
				where store_id ='0201' and  (
				(dynamic<7 and (begin_time >'2012-1-1' and (begin_time <'2013-1-1'))
				or
				(dynamic>6 and end_time >='2012-1-1' and begin_time<='2013-1-1') 
				)group by dynamic having (count(*)>0)
2013-10-11 17:41:25	1	select  sum(DATEDIFF(year, birthday,'2010-1-1')) AS age,sum(sex) as sex,sum(degree) as degree,count(id)as nums from personnel_list where id in() GROUP BY birthday, sex, degree
2013-10-11 17:41:34	1	select  sum(DATEDIFF(year, birthday,'2010-1-1')) AS age,sum(sex) as sex,sum(degree) as degree,count(id)as nums from personnel_list where id in() GROUP BY birthday, sex, degree
2013-10-11 17:41:41	1	select  sum(DATEDIFF(year, birthday,'2010-1-1')) AS age,sum(sex) as sex,sum(degree) as degree,count(id)as nums from personnel_list where id in() GROUP BY birthday, sex, degree
2013-10-11 17:42:26	1	select  sum(DATEDIFF(year, birthday,'2009-1-1')) AS age,sum(sex) as sex,sum(degree) as degree,count(id)as nums from personnel_list where id in() GROUP BY birthday, sex, degree
2013-10-11 20:30:53	1	update cw_deptplan set  where deptname='ç«è½¦ç«™åº—' and accountname='å¢™é¢'
2013-10-11 20:31:01	1	update cw_deptplan set  where deptname='ç«è½¦ç«™åº—' and accountname='å¢™é¢'
2013-10-11 20:31:02	1	update cw_deptplan set  where deptname='ç«è½¦ç«™åº—' and accountname='å¢™é¢'
2013-10-11 20:31:04	1	update cw_deptplan set  where deptname='ç«è½¦ç«™åº—' and accountname='å¢™é¢'
2013-10-11 20:31:05	1	update cw_deptplan set  where deptname='ç«è½¦ç«™åº—' and accountname='å¢™é¢'
2013-10-11 20:31:06	1	update cw_deptplan set  where deptname='ç«è½¦ç«™åº—' and accountname='å¢™é¢'
2013-10-11 20:31:21	1	update cw_deptplan set  where deptname='ç«è½¦ç«™åº—' and accountname='å¢™é¢'
2013-10-11 20:31:33	1	update cw_deptplan set  where deptname='ç«è½¦ç«™åº—' and accountname='å¢™é¢'
2013-10-11 20:31:34	1	update cw_deptplan set  where deptname='ç«è½¦ç«™åº—' and accountname='å¢™é¢'
2013-10-11 20:33:13	1	update cw_deptplan set  where deptname='ç«è½¦ç«™åº—' and accountname='å¢™é¢'
2013-10-11 20:37:44	1	update cw_deptplan set M1='undefined' where deptname='ç«è½¦ç«™åº—' and accountname='å…¶ä»–æ”¶å…¥'
2013-10-11 20:37:55	1	update cw_deptplan set M1='undefined' where deptname='ç«è½¦ç«™åº—' and accountname='å…¶ä»–æ”¶å…¥'
2013-10-11 20:42:30	1	insert into cw_deptplan (bsel,deptid,accountcode,deptname,accountname) values (false,'0202','6601093','ç«è½¦ç«™åº—','åŠå…¬è´¹1')
2013-10-12 06:41:19	1	select a.*,b.department as department from personnel_list a left join personnel_department b on a.department = b.id order by id desc
2013-10-12 16:32:38	1	select sum(plan_nums) from personnel_job where store_id=
2013-10-13 06:41:12	1	select a.*,b.type_name,convert(decimal(9,2),a.real_send) as real_send,convert(decimal(9,2),a.order_nums) as order_nums,convert(decimal(9,2),a.real_recv) as real_recv  from order_list_more a
left join goods_type_list b
on (a.bianhao = b.cinvcode and a.isstore = b.isstore)
where a.order_id='SCBS20131005020106'
order by b.type_name desc,a.bianhao asc
2013-10-13 06:41:20	1	select cWhCode as bagid,cWhName as bagname from Warehouse where bFreeze=0
2013-10-13 06:41:24	1	select cWhCode as bag_id,cWhName as bag_name from Warehouse where bFreeze=0
2013-10-13 06:41:43	1	select ch_branchno as store_id,vch_company as store_name from t_hq_branch_info where ch_branchno<8000 order by ch_branchno asc
2013-10-14 02:01:37	1	select sum(total) from hehegu_report_sell where istotal=0 and  and (report_date > '2013-1-1' and report_date <'2014-1-1')
2013-10-14 02:02:02	1	select sum(total) from hehegu_report_sell where istotal=0 and  and (report_date > '2013-1-1' and report_date <'2014-1-1')
2013-10-14 05:37:15	1	select a.*,b.true_name from gongshi a left join personnel_list b on a.personnel_id = b.id where convert(varchar(7),a.work_date,20)='2013-10' and  store_id='0201'
2013-10-14 05:37:35	1	select * from personnel_list a where select a.*,b.true_name from gongshi a left join personnel_list b on a.personnel_id = b.id where convert(varchar(7),a.work_date,20)='2013-10' and  a.store_id='0201' and a.job_nature>0
2013-10-14 11:08:53	1	select sum(total) from hehegu_report_sell where istotal=0 and  and (report_date > '2013-1-1' and report_date <'2014-1-1')
2013-10-14 11:10:08	1	select sum(total) from hehegu_report_sell where istotal=0 and  and (report_date > '2013-1-1' and report_date <'2014-1-1')
2013-10-15 04:23:57	1	select grouping(ch_branchno) as istotal,total,ch_branchno from hehegu_report_sell where report_date between '2013-10-01' and '2013-10-15' group by ch_branchno with rollup order by istotal desc
2013-10-15 06:04:13	1	select 
        isnull(sum(case when biao_type_id=3 then yongliang end),0) as dating,
        isnull(sum(case when biao_type_id=2 then yongliang end),0) as chufang,
        (dating + chufang) as xiaoji,
        store_id from biao_use where usedate between '2013-05-01' and '2013-05-15'  and store_id in (0201,0202,0203,0204,0205,0206,0207,0208,0209)  group by store_id
2013-10-15 06:13:41	1	select 
        isnull(sum(case when biao_type_id=3 then yongliang end),0) as dating,
        isnull(sum(case when biao_type_id=2 then yongliang end),0) as chufang,
        isnull((case when biao_type_id=3 then price end),0) as dating_price,
        isnull((case when biao_type_id=2 then price end),0) as chufang_price,
        store_id from biao_use where usedate between '2013-05-01' and '2013-05-15'  and store_id in (0201,0202,0203,0204,0205,0206,0207,0208,0209)  group by store_id
2013-10-15 16:21:26	1	select sum(plan_nums) from personnel_job where 1=1
2013-10-15 16:49:56	1	select sum(plan_nums) from personnel_job where store_id ='0201'
2013-10-15 16:50:01	1	select sum(plan_nums) from personnel_job where store_id ='0201'
2013-10-15 16:50:21	1	select sum(plan_nums) from personnel_job where store_id ='0201'
2013-10-15 16:50:32	1	select sum(plan_nums) from personnel_job where store_id ='0201'
2013-10-15 16:51:08	1	select sum(plan_nums) from personnel_job where store_id ='0201'
2013-10-16 10:53:24	1	select top 1 store_id from chejian_list
2013-10-16 10:53:30	1	select top 1 store_id from chejian_list
2013-10-16 10:53:36	1	select top 1 store_id from chejian_list
2013-10-16 11:00:45	1	select top 1 store_id from chejian_list
2013-10-16 11:01:38	1	select top 1 store_id from chejian_list
2013-10-16 11:44:54	1	update personnel_job set 
				job = 'åº“ç®¡',
				parent_id ='0',
				department_id = '4',
				plan_nums = '1',
				store_id = '0201',
				chejian_id = '',
				bag_id = '01'  
				where id='10'
		
2013-10-16 11:45:06	1	update personnel_job set 
				job = 'åº“ç®¡',
				parent_id ='0',
				department_id = '4',
				plan_nums = '1',
				store_id = '0201',
				chejian_id = '',
				bag_id = '01'  
				where id='10'
		
2013-10-16 12:35:54	1	select sum(plan_nums) from personnel_job where store_id ='0201'
2013-10-16 15:12:56	1	select sum(plan_nums) from personnel_job where store_id ='0201'
2013-10-16 15:13:03	1	select sum(plan_nums) from personnel_job where store_id ='0201'
2013-10-16 15:13:18	1	select sum(plan_nums) from personnel_job where store_id ='0201'
2013-10-16 15:13:29	1	select sum(plan_nums) from personnel_job where store_id ='0201'
2013-10-16 15:13:36	1	select sum(plan_nums) from personnel_job where store_id ='0201'
2013-10-16 18:40:03	1	select store_id,count(personnel_id) as total_nums from personnel_dynamic 
			where store_id in(0201,0202,0203,0206) and  (dynamic=1 or dynamic=2 or dynamic=3)
			and   begin_time<='2014-1-1' 
			and   personnel_id not in (select personnel_id from personnel_dynamic where store_id in(0201,0202,0203,0206) and  dynamic=0 and begin_time<='2013-1-1') 
2013-10-17 04:43:51	1	
DECLARE @startdate datetime
DECLARE @enddate datetime
DECLARE @store_id varchar(4)
set @store_id = '0201'
set @startdate= '2013-05-01'
set @enddate = '2013-05-01'
select 
(dinghuo+bufa-tuiku+zhigong) as real_dinghuo,--Êµ¼Ê¶©»õÊı
(dinghuo+bufa+zhigong-tuiku+diaoru-diaochu-cailiaobaosun-chengpinbaosun+qichu-pandian) as real_use,--Êµ¼ÊÊ¹ÓÃÊı
* 
from
(
select 
isnull(sum(case when b.order_date=@startdate and b.order_type=4 and b.store_id=@store_id then order_nums end),0) as qichu,
isnull(sum(case when b.order_date<>@startdate and b.order_type=1 and b.store_id=@store_id then real_send end),0) as dinghuo,
isnull(sum(case when b.order_date<>@startdate and b.order_type=2 and b.store_id=@store_id then order_nums end),0) as zhigong,
isnull(sum(case when b.order_date<>@startdate and b.order_type=3 and b.store_id=@store_id then order_nums end),0) as diaochu,
isnull(sum(case when b.order_date<>@startdate and b.order_type=3 and b.storeid=@store_id then order_nums end),0) as diaoru,
isnull(sum(case when b.order_date=@enddate and b.order_type=4 and b.store_id=@store_id then order_nums end),0) as pandian,--×îºóÒ»ÌìµÄÅÌµãÊı
isnull(sum(case when b.order_date<>@startdate and b.order_type=5 and b.store_id=@store_id then order_nums end),0) as cailiaobaosun,
isnull(sum(case when b.order_date<>@startdate and b.order_type=6 and b.store_id=@store_id then order_nums end),0) as chengpinbaosun,
isnull(sum(case when b.order_date<>@startdate and b.order_type=7 and b.store_id=@store_id then order_nums end),0) as bufa,
isnull(sum(case when b.order_date<>@startdate and b.order_type=8 and b.store_id=@store_id then order_nums end),0) as tuiku,
bianhao,name,guige,kucun_danwei,cost
from order_list_more a
left join order_list b on a.order_id=b.order_id
where
b.store_id=@store_id
and b.order_date >=DATEADD(day,-1,@startdate)--ĞèÒªÇ°Ò»ÌìµÄÅÌµãÊı¾İ×÷ÎªÆÚ³õ
and b.order_date <=@enddate

group by bianhao,name,guige,kucun_danwei,cost)  s
2013-10-17 12:24:21	1	select cpscode as stuff_code,iPSQuantity / tdQtyD AS nums,isnull(convert(decimal(9,2),iPSQuantity * b.invrcost / tdQtyD),0) as price,b.cinvname as name,b.cinvstd as guige,b.iInvRCost as cost,c.cComUnitName AS kucun_danwei
from ProductStructures a 
left join inventory b on a.cpscode = b.cinvcode
left join ComputationUnit c on b.cComUnitCode = c.cComUnitCode
 where cpspcode='11001  '
2013-10-17 12:48:15	1	select cpscode as stuff_code,iPSQuantity / tdQtyD AS nums,isnull(convert(decimal(9,2),iPSQuantity * b.iInvRCost / tdQtyD),0) as price,b.cinvname as name,b.cinvstd as guige,isnull(b.iInvRCost as cost,0),c.cComUnitName AS kucun_danwei
from ProductStructures a 
left join inventory b on a.cpscode = b.cinvcode
left join ComputationUnit c on b.cComUnitCode = c.cComUnitCode
 where cpspcode='11001  '
2013-10-17 17:13:03	1	Resource id #17
2013-10-17 18:09:02	1	select CONVERT(10,begin_time,20) as time,dynamic,count(*) as nums from personnel_dynamic 
				where store_id in(0201) and  
				(dynamic<7 and (begin_time >='2013-3-1' and begin_time <'2013-4-1'))
				group by CONVERT(10,begin_time,20),dynamic
2013-10-17 18:37:53	1	select CONVERT(varchar(10),begin_time,20) as begin_time,CONVERT(varchar(10),end_time,20) as end_time,dynamic,count(*) as nums from personnel_dynamic 
				where store_id in(0201) and  
				(dynamic>6 and end_time >='2013-3-1' and begin_time<='2013-4-1') 
				group by CONVERT(varchar(10),begin_time,20),dynamic
2013-10-19 12:20:04	1	select (sum(ht)+sum(sx)+sum(xs)) as zg,(sum(ht)+sum(zz)) as ht,(sum(sx)-sum(zz)) as sx,sum(xs) as xs
				from (select personnel_id,
						isnull(sum(case when (dynamic=1 ) then 1 when dynamic=0 then -1 end) ,0)as ht,
						isnull(sum(case when (dynamic=2) then 1 when dynamic=0 then -1  end),0) as sx,
						isnull(sum(case when (dynamic=3) then 1 when dynamic=0 then -1 end),0) as xs,
						isnull(sum(case when (dynamic=4) then 1 when dynamic=0 then -1 end),0) as zz,
						from personnel_dynamic where  begin_time<='2013-1-1'
						group by personnel_id) as A 
2013-10-19 12:20:12	1	select (sum(ht)+sum(sx)+sum(xs)) as zg,(sum(ht)+sum(zz)) as ht,(sum(sx)-sum(zz)) as sx,sum(xs) as xs
				from (select personnel_id,
						isnull(sum(case when (dynamic=1 ) then 1 when dynamic=0 then -1 end) ,0)as ht,
						isnull(sum(case when (dynamic=2) then 1 when dynamic=0 then -1  end),0) as sx,
						isnull(sum(case when (dynamic=3) then 1 when dynamic=0 then -1 end),0) as xs,
						isnull(sum(case when (dynamic=4) then 1 when dynamic=0 then -1 end),0) as zz,
						from personnel_dynamic where  begin_time<='2013-1-1'
						group by personnel_id) as A 
2013-10-19 12:20:39	1	select CONVERT(varchar(10), begin_time, 20) AS time,
		
		
2013-10-19 16:17:54	1	
select 
	sum(a.num_num-a.num_back) as inum,
	sum((a.num_num-a.num_back) * a.num_price + num_price_add)) as price,
	a.ch_dishno,b.vch_dishname,b.ch_suitflag
from cyhq_u_orderdish a 
	left join cybr_bt_dish b on a.ch_dishno = b.ch_dishno
	inner join cyhq_u_checkout_master c on a.ch_branchno = c.ch_branchno and a.ch_payno = c.ch_payno and c.ch_state='Y'
where a.ch_branchno='0201' and a.dt_operdate > '2013-05-01 00:00:00' and a.dt_operdate < '2013-05-31 23:59:59'
group by a.ch_dishno,b.vch_dishname,b.ch_suitflag
order by a.ch_dishno
2013-10-19 16:25:03	1	select avg(age) AS age,sum(sex) as sex,sum(degree) as degree,count(personnel_id)as nums from(select personnel_id,DATEDIFF(year, birthday,'2013-4-1')AS age,sex,degree,
					isnull(sum(case when (dynamic=1 ) then 1 when old_dynamic=1 then -1 end) ,0)as ht,
					isnull(sum(case when (dynamic=4 ) then 1 when old_dynamic=4 then -1 end) ,0)as zz
					from personnel_dynamic as A left join personnel_list as B on A.personnel_id=B.id 
					where  store_id in(0201,0202,0203,0206) and   A.begin_time<='2013-4-1' 
					GROUP BY A.personnel_id, B.birthday, B.sex, B.degree) where (ht>0 or zz>0)
2013-10-19 16:26:07	1	select avg(age) AS age,sum(sex) as sex,sum(degree) as degree,count(personnel_id)as nums from(select personnel_id,DATEDIFF(year, birthday,'2013-4-1')AS age,sex,degree,
					isnull(sum(case when (dynamic=1 ) then 1 when old_dynamic=1 then -1 end) ,0)as ht,
					isnull(sum(case when (dynamic=4 ) then 1 when old_dynamic=4 then -1 end) ,0)as zz
					from personnel_dynamic as A left join personnel_list as B on A.personnel_id=B.id 
					where  store_id in(0201,0202,0203,0206) and   A.begin_time<='2013-4-1' 
					GROUP BY A.personnel_id, B.birthday, B.sex, B.degree) where (ht>0 or zz>0)
2013-10-19 16:27:00	1	select avg(age) AS age,sum(sex) as sex,sum(degree) as degree,count(personnel_id)as nums from(select personnel_id,DATEDIFF(year, birthday,'2013-4-1')AS age,sex,degree,
					isnull(sum(case when (dynamic=1 ) then 1 when old_dynamic=1 then -1 end) ,0)as ht,
					isnull(sum(case when (dynamic=4 ) then 1 when old_dynamic=4 then -1 end) ,0)as zz
					from personnel_dynamic as A left join personnel_list as B on A.personnel_id=B.id 
					where  store_id in(0201,0202,0203,0206) and   A.begin_time<='2013-4-1' 
					GROUP BY A.personnel_id, B.birthday, B.sex, B.degree) where (ht>0 or zz>0)
2013-10-19 16:27:36	1	select avg(age) AS age,sum(sex) as sex,sum(degree) as degree,count(personnel_id)as nums from(select personnel_id,DATEDIFF(year, birthday,'2013-4-1')AS age,sex,degree,
					isnull(sum(case when (dynamic=1 ) then 1 when old_dynamic=1 then -1 end) ,0)as ht,
					isnull(sum(case when (dynamic=4 ) then 1 when old_dynamic=4 then -1 end) ,0)as zz
					from personnel_dynamic as A left join personnel_list as B on A.personnel_id=B.id  
					where  store_id in(0201,0202,0203,0206) and   A.begin_time<='2013-4-1' 
					GROUP BY A.personnel_id, B.birthday, B.sex, B.degree) where (ht>0 or zz>0)
2013-10-19 16:28:46	1	select personnel_id,DATEDIFF(year, birthday,'2013-4-1')AS age,sex,degree,
					isnull(sum(case when (dynamic=1 ) then 1 when old_dynamic=1 then -1 end) ,0)as ht,
					isnull(sum(case when (dynamic=4 ) then 1 when old_dynamic=4 then -1 end) ,0)as zz
					from personnel_dynamic as A left join personnel_list as B on A.personnel_id=B.id  
					where  store_id in(0201,0202,0203,0206) and   A.begin_time<='2013-4-1' 
					GROUP BY A.personnel_id, B.birthday, B.sex, B.degree
2013-10-19 16:28:48	1	
select 
	sum(convert(decimal(9,0),a.num_num-a.num_back)) as inum,
	sum(convert(decimal(9,2),((a.num_num-a.num_back) * a.num_price + num_price_add)) as price,
	a.ch_dishno,b.vch_dishname,b.ch_suitflag
from cyhq_u_orderdish a 
	left join cybr_bt_dish b on a.ch_dishno = b.ch_dishno
	inner join cyhq_u_checkout_master c on a.ch_branchno = c.ch_branchno and a.ch_payno = c.ch_payno and c.ch_state='Y'
where a.ch_branchno='0201' and a.dt_operdate > '2013-05-01 00:00:00' and a.dt_operdate < '2013-05-31 23:59:59' and a.ch_suitflag<>'Y'
group by a.ch_dishno,b.vch_dishname,b.ch_suitflag
order by a.ch_dishno
2013-10-19 16:41:56	1	select avg(age) as age,sum(sex) as sex,sum(degree) as degree from (select personnel_id,DATEDIFF(year, birthday,'2013-4-1')AS age,sex,degree,
							isnull(sum(case when (dynamic=1 ) then 1 when old_dynamic=1 then -1 end) ,0)as ht,
							isnull(sum(case when (dynamic=4 ) then 1 when old_dynamic=4 then -1 end) ,0)as zz
							from personnel_dynamic as A left join personnel_list as B on A.personnel_id=B.id  
							where  B.store_id in(0201,0202,0203,0206) and   A.begin_time<='2013-4-1' 
							GROUP BY A.personnel_id, B.birthday, B.sex, B.degree) where (ht>0 or zz>0)
2013-10-19 16:42:54	1	select avg(age) as age,sum(sex) as sex,sum(degree) as degree from (select personnel_id,DATEDIFF(year, birthday,'2013-4-1')AS age,sex,degree,
							isnull(sum(case when (dynamic=1 ) then 1 when old_dynamic=1 then -1 end) ,0)as ht,
							isnull(sum(case when (dynamic=4 ) then 1 when old_dynamic=4 then -1 end) ,0)as zz
							from personnel_dynamic as A left join personnel_list as B on A.personnel_id=B.id  
							where  B.store_id in(0201,0202,0203,0206) and   A.begin_time<='2013-4-1' 
							GROUP BY A.personnel_id, B.birthday, B.sex, B.degree) where (ht>0 or zz>0)
2013-10-19 16:42:56	1	select avg(age) as age,sum(sex) as sex,sum(degree) as degree from (select personnel_id,DATEDIFF(year, birthday,'2013-4-1')AS age,sex,degree,
							isnull(sum(case when (dynamic=1 ) then 1 when old_dynamic=1 then -1 end) ,0)as ht,
							isnull(sum(case when (dynamic=4 ) then 1 when old_dynamic=4 then -1 end) ,0)as zz
							from personnel_dynamic as A left join personnel_list as B on A.personnel_id=B.id  
							where  B.store_id in(0201,0202,0203,0206) and   A.begin_time<='2013-4-1' 
							GROUP BY A.personnel_id, B.birthday, B.sex, B.degree) where (ht>0 or zz>0)
2013-10-19 16:42:57	1	select avg(age) as age,sum(sex) as sex,sum(degree) as degree from (select personnel_id,DATEDIFF(year, birthday,'2013-4-1')AS age,sex,degree,
							isnull(sum(case when (dynamic=1 ) then 1 when old_dynamic=1 then -1 end) ,0)as ht,
							isnull(sum(case when (dynamic=4 ) then 1 when old_dynamic=4 then -1 end) ,0)as zz
							from personnel_dynamic as A left join personnel_list as B on A.personnel_id=B.id  
							where  B.store_id in(0201,0202,0203,0206) and   A.begin_time<='2013-4-1' 
							GROUP BY A.personnel_id, B.birthday, B.sex, B.degree) where (ht>0 or zz>0)
2013-10-19 16:42:58	1	select avg(age) as age,sum(sex) as sex,sum(degree) as degree from (select personnel_id,DATEDIFF(year, birthday,'2013-4-1')AS age,sex,degree,
							isnull(sum(case when (dynamic=1 ) then 1 when old_dynamic=1 then -1 end) ,0)as ht,
							isnull(sum(case when (dynamic=4 ) then 1 when old_dynamic=4 then -1 end) ,0)as zz
							from personnel_dynamic as A left join personnel_list as B on A.personnel_id=B.id  
							where  B.store_id in(0201,0202,0203,0206) and   A.begin_time<='2013-4-1' 
							GROUP BY A.personnel_id, B.birthday, B.sex, B.degree) where (ht>0 or zz>0)
2013-10-19 16:42:58	1	select avg(age) as age,sum(sex) as sex,sum(degree) as degree from (select personnel_id,DATEDIFF(year, birthday,'2013-4-1')AS age,sex,degree,
							isnull(sum(case when (dynamic=1 ) then 1 when old_dynamic=1 then -1 end) ,0)as ht,
							isnull(sum(case when (dynamic=4 ) then 1 when old_dynamic=4 then -1 end) ,0)as zz
							from personnel_dynamic as A left join personnel_list as B on A.personnel_id=B.id  
							where  B.store_id in(0201,0202,0203,0206) and   A.begin_time<='2013-4-1' 
							GROUP BY A.personnel_id, B.birthday, B.sex, B.degree) where (ht>0 or zz>0)
2013-10-19 16:42:58	1	select avg(age) as age,sum(sex) as sex,sum(degree) as degree from (select personnel_id,DATEDIFF(year, birthday,'2013-4-1')AS age,sex,degree,
							isnull(sum(case when (dynamic=1 ) then 1 when old_dynamic=1 then -1 end) ,0)as ht,
							isnull(sum(case when (dynamic=4 ) then 1 when old_dynamic=4 then -1 end) ,0)as zz
							from personnel_dynamic as A left join personnel_list as B on A.personnel_id=B.id  
							where  B.store_id in(0201,0202,0203,0206) and   A.begin_time<='2013-4-1' 
							GROUP BY A.personnel_id, B.birthday, B.sex, B.degree) where (ht>0 or zz>0)
2013-10-19 16:42:58	1	select avg(age) as age,sum(sex) as sex,sum(degree) as degree from (select personnel_id,DATEDIFF(year, birthday,'2013-4-1')AS age,sex,degree,
							isnull(sum(case when (dynamic=1 ) then 1 when old_dynamic=1 then -1 end) ,0)as ht,
							isnull(sum(case when (dynamic=4 ) then 1 when old_dynamic=4 then -1 end) ,0)as zz
							from personnel_dynamic as A left join personnel_list as B on A.personnel_id=B.id  
							where  B.store_id in(0201,0202,0203,0206) and   A.begin_time<='2013-4-1' 
							GROUP BY A.personnel_id, B.birthday, B.sex, B.degree) where (ht>0 or zz>0)
2013-10-19 16:44:56	1	select avg(age) as age,sum(sex) as sex,sum(degree) as degree from (select personnel_id,DATEDIFF(year, birthday,'2013-4-1')AS age,sex,degree,
							isnull(sum(case when (dynamic=1 ) then 1 when old_dynamic=1 then -1 end) ,0)as ht,
							isnull(sum(case when (dynamic=4 ) then 1 when old_dynamic=4 then -1 end) ,0)as zz
							from personnel_dynamic as A left join personnel_list as B on A.personnel_id=B.id  
							where  B.store_id in(0201,0202,0203,0206) and   A.begin_time<='2013-4-1' 
							GROUP BY A.personnel_id, B.birthday, B.sex, B.degree)
2013-10-19 16:45:48	1	
		        select avg(age) as age,sum(sex) as sex,sum(degree) as degree from (
				select personnel_id,DATEDIFF(year, birthday,'2013-4-1')AS age,sex,degree,
							isnull(sum(case when (dynamic=1 ) then 1 when old_dynamic=1 then -1 end) ,0)as ht,
							isnull(sum(case when (dynamic=4 ) then 1 when old_dynamic=4 then -1 end) ,0)as zz
							from personnel_dynamic as A left join personnel_list as B on A.personnel_id=B.id  
							where  B.store_id in(0201,0202,0203,0206) and   A.begin_time<='2013-4-1' 
							GROUP BY A.personnel_id, B.birthday, B.sex, B.degree
					) where (ht>0 or zz>0)		
							
2013-10-19 16:46:20	1	select * from (select personnel_id,DATEDIFF(year, birthday,'2013-4-1')AS age,sex,degree,
							isnull(sum(case when (dynamic=1 ) then 1 when old_dynamic=1 then -1 end) ,0)as ht,
							isnull(sum(case when (dynamic=4 ) then 1 when old_dynamic=4 then -1 end) ,0)as zz
							from personnel_dynamic as A left join personnel_list as B on A.personnel_id=B.id  
							where  B.store_id in(0201,0202,0203,0206) and   A.begin_time<='2013-4-1' 
							GROUP BY A.personnel_id, B.birthday, B.sex, B.degree) where (ht>0 or zz>0)
2013-10-19 16:46:37	1	select * from (select personnel_id,DATEDIFF(year, birthday,'2013-4-1')AS age,sex,degree,
							isnull(sum(case when (dynamic=1 ) then 1 when old_dynamic=1 then -1 end) ,0)as ht,
							isnull(sum(case when (dynamic=4 ) then 1 when old_dynamic=4 then -1 end) ,0)as zz
							from personnel_dynamic as A left join personnel_list as B on A.personnel_id=B.id  
							where  B.store_id in(0201,0202,0203,0206) and   A.begin_time<='2013-4-1' 
							GROUP BY A.personnel_id, B.birthday, B.sex, B.degree)
2013-10-19 16:48:05	1	select avg(age) as age,sum(sex) as sex,sum(degree) as degree from (select personnel_id,DATEDIFF(year, birthday,'2013-4-1')AS age,sex,degree,
							isnull(sum(case when (dynamic=1 ) then 1 when old_dynamic=1 then -1 end) ,0)as ht,
							isnull(sum(case when (dynamic=4 ) then 1 when old_dynamic=4 then -1 end) ,0)as zz
							from personnel_dynamic as A left join personnel_list as B on A.personnel_id=B.id  
							where  store_id in(0201,0202,0203,0206) and   A.begin_time<='2013-4-1' 
							GROUP BY A.personnel_id, B.birthday, B.sex, B.degree) as A where (ht>0 or zz>0)
2013-10-19 16:52:56	1	select cpscode as stuff_code,iPSQuantity / tdQtyD AS nums,isnull(convert(decimal(9,2),iPSQuantity * b.iInvRCost / tdQtyD),0) as price,b.cinvname as name,isnull(b.cinvstd,'') as guige,isnull(b.iincost,0) as cost,c.cComUnitName AS kucun_danwei
from ProductStructures a 
left join inventory b on a.cpscode = b.cinvcode
left join ComputationUnit c on b.cComUnitCode = c.cComUnitCode
left join ia_subsidiary d on a.cpscode=d.cinvcode
 where cpspcode='11001  ' and (d.dvoudate<'' or dkeepdate<'') and d.iincost>0
order by d.dvoudate desc,d.dkeepdate desc

2013-10-19 16:53:42	1	select cpscode as stuff_code,iPSQuantity / tdQtyD AS nums,isnull(convert(decimal(9,2),iPSQuantity * b.iInvRCost / tdQtyD),0) as price,b.cinvname as name,isnull(b.cinvstd,'') as guige,isnull(b.iincost,0) as cost,c.cComUnitName AS kucun_danwei
from ProductStructures a 
left join inventory b on a.cpscode = b.cinvcode
left join ComputationUnit c on b.cComUnitCode = c.cComUnitCode
left join ia_subsidiary d on a.cpscode=d.cinvcode
 where cpspcode='11001  ' and (d.dvoudate<'2013-05-01' or dkeepdate<'2013-05-01') and d.iincost>0
order by d.dvoudate desc,d.dkeepdate desc

2013-10-19 16:54:00	1	select avg(age) as age,sum(sex) as sex,sum(degree) as degree,ht,zz from (select personnel_id,DATEDIFF(year, birthday,'2013-4-1')AS age,sex,degree,
							isnull(sum(case when (dynamic=1 ) then 1 when old_dynamic=1 then -1 end) ,0)as ht,
							isnull(sum(case when (dynamic=4 ) then 1 when old_dynamic=4 then -1 end) ,0)as zz
							from personnel_dynamic as A left join personnel_list as B on A.personnel_id=B.id  
							where  B.store_id in(0201,0202,0203,0206) and   A.begin_time<='2013-4-1' 
							GROUP BY A.personnel_id, B.birthday, B.sex, B.degree) as T where (ht>0 or zz>0)
2013-10-19 16:54:19	1	select avg(age) as age,sum(sex) as sex,sum(degree) as degree,T.ht,T.zz from (select personnel_id,DATEDIFF(year, birthday,'2013-4-1')AS age,sex,degree,
							isnull(sum(case when (dynamic=1 ) then 1 when old_dynamic=1 then -1 end) ,0)as ht,
							isnull(sum(case when (dynamic=4 ) then 1 when old_dynamic=4 then -1 end) ,0)as zz
							from personnel_dynamic as A left join personnel_list as B on A.personnel_id=B.id  
							where  B.store_id in(0201,0202,0203,0206) and   A.begin_time<='2013-4-1' 
							GROUP BY A.personnel_id, B.birthday, B.sex, B.degree) as T where (ht>0 or zz>0)
2013-10-19 19:06:27	1	select time,age,sex,degree,(ht+zz) as nums from (select CONVERT(varchar(10), begin_time, 20) AS time,
							isnull(sum(case when (dynamic=1 or dynamic=4 ) then DATEDIFF(year, birthday,'2013-4-1')  when (old_dynamic=1 or old_dynamic=4) then -(DATEDIFF(year, birthday,'2013-4-1')) end) ,0)as age,
							isnull(sum(case when (dynamic=1 or dynamic=4 ) then sex  when (old_dynamic=1 or old_dynamic=4) then -(sex) end) ,0)as sex,
							isnull(sum(case when (dynamic=1 or dynamic=4 ) then degree  when (old_dynamic=1 or old_dynamic=4) then -(degree) end) ,0)as degree,
							isnull(sum(case when (dynamic=1 ) then 1 when old_dynamic=1 then -1 end) ,0)as ht,
							isnull(sum(case when (dynamic=4 ) then 1 when old_dynamic=4 then -1 end) ,0)as zz
							from personnel_dynamic as A left join personnel_list as B on A.personnel_id=B.id  
							where  B.store_id in(0201,0202,0203,0206) and   A.begin_time>='2013-4-1' and A.begin_time<'2013-5-1'
							GROUP BY CONVERT(varchar(10), begin_time, 20)) where (ht<>0 or zz<>0)
2013-10-19 19:38:21	1	select CONVERT(varchar(10), report_date, 20) AS time, SUM(total) AS total from hehegu_report_sell where istotal=0 and ch_branchno in(0201,0202,0203,0206) and  (report_date > '2013-4-1' and report_date <'2013-5-1')
2013-10-21 13:32:13	1	select dynamic,count(*) as nums from personnel_dynamic 
				where  (
				(dynamic<7 and (begin_time >='2009-1-1' and begin_time <'2010-1-1'))
				or
				(dynamic>6 and end_time >='2009-1-1' and begin_time<='2010-1-1') 
				)group by dynamic
2013-10-21 14:02:39	1	select dynamic,count(*) as nums from personnel_dynamic 
				where in () and  (
				(dynamic<7 and (begin_time >='2013-10-1' and begin_time <'2013-11-1'))
				or
				(dynamic>6 and end_time >='2013-10-1' and begin_time<='2013-11-1') 
				)group by dynamic
2013-10-21 14:04:35	1	select dynamic,count(*) as nums from personnel_dynamic 
				where in (0201,0202,0203,0204,0205,0206,0207,0208,0209) and  (
				(dynamic<7 and (begin_time >='2013-10-1' and begin_time <'2013-11-1'))
				or
				(dynamic>6 and end_time >='2013-10-1' and begin_time<='2013-11-1') 
				)group by dynamic
2013-10-21 14:05:18	1	select dynamic,count(*) as nums from personnel_dynamic 
				where in ('0201','0202','0203','0204','0205','0206','0207','0208','0209') and  (
				(dynamic<7 and (begin_time >='2013-10-1' and begin_time <'2013-11-1'))
				or
				(dynamic>6 and end_time >='2013-10-1' and begin_time<='2013-11-1') 
				)group by dynamic
2013-10-21 14:05:37	1	select sum(total) as xiaoshou from hehegu_report_sell where istotal=0 and ch_branchno in(Array) and  (report_date >='2013-10-1' and report_date <'2013-11-1')
2013-10-21 14:19:24	1	select store_id,dynamic,count(*) as nums from personnel_dynamic 
				where in () and  (
				(dynamic<7 and (begin_time >='2013-10-1' and begin_time <'2013-11-1'))
				or
				(dynamic>6 and end_time >='2013-10-1' and begin_time<='2013-11-1') 
				)group by dynamic,store_id
2013-10-21 14:32:35	1	select store_id,dynamic,count(*) as nums from personnel_dynamic 
				where in () and  (
				(dynamic<7 and (begin_time >='2013-10-1' and begin_time <'2013-11-1'))
				or
				(dynamic>6 and end_time >='2013-10-1' and begin_time<='2013-11-1') 
				)group by dynamic,store_id
2013-10-21 14:33:35	1	select ch_branchno as store_id,sum(total) as xiaoshou from hehegu_report_sell where istotal=0 and ch_branchno in(Array) and  (report_date > '2013-10-1' and report_date <'2013-11-1') group by ch_branchno
2013-10-21 14:43:25	1	select dynamic,count(*) as nums from personnel_dynamic 
				where store_id not null and (
				(dynamic<7 and (begin_time >='2013-10-1' and begin_time <'2013-11-1'))
				or
				(dynamic>6 and end_time >='2013-10-1' and begin_time<='2013-11-1') 
				)group by dynamic
2013-10-21 14:44:26	1	select sum(age) as age,sum(sex) as sex,sum(degree) as degree,count(personnel_id) as nums from (select personnel_id,DATEDIFF(year, birthday,'2013-10-1')AS age,sex,degree,
							isnull(sum(case when (dynamic=1 ) then 1 when old_dynamic=1 then -1 end) ,0)as ht,
							isnull(sum(case when (dynamic=4 ) then 1 when old_dynamic=4 then -1 end) ,0)as zz
							from personnel_dynamic as A left join personnel_list as B on A.personnel_id=B.id  
							where  B.store_id is not null and store_id <>'' and  A.begin_time<'2013-11-1' 
							GROUP BY A.personnel_id, B.birthday, B.sex, B.degree) as T where (ht<>0 or zz<>0)
2013-10-21 14:47:08	1	select dynamic,count(*) as nums from personnel_dynamic 
				where store_id in () and  (
				(dynamic<7 and (begin_time >='2013-4-1' and begin_time <'2013-5-1'))
				or
				(dynamic>6 and end_time >='2013-4-1' and begin_time<='2013-5-1') 
				)group by dynamic
2013-10-21 15:53:44	1	select CONVERT(varchar(10),begin_time,20) as time,dynamic,count(*) as nums from personnel_dynamic 
				where store_id in () and  
				(dynamic<7 and (begin_time >='2013-10-1' and begin_time <'2013-11-1'))
				group by CONVERT(varchar(10),begin_time,20),dynamic
2013-10-21 15:55:06	1	select CONVERT(varchar(10), report_date, 20) AS time, SUM(total) AS nums from hehegu_report_sell where istotal=0 and ch_branchno in(Array) and  (report_date > '2013-10-1' and report_date <'2013-11-1') group by CONVERT(varchar(10), report_date, 20)
